<?xml version="1.0" encoding="UTF-8"?>
<!-- Generated by org.testng.reporters.JUnitReportReporter -->
<testsuite hostname="2G53N13" failures="0" tests="1" name="com.aandhi.Testcase2" time="16.198" errors="0" timestamp="2022-12-13T17:02:03 IST" skipped="0">
  <testcase classname="com.aandhi.Testcase2" name="signUpUser" time="16.198"/>
  <system-out/>
</testsuite> <!-- com.aandhi.Testcase2 -->
