<?xml version="1.0" encoding="UTF-8"?>
<!-- Generated by org.testng.reporters.JUnitReportReporter -->
<testsuite hostname="2G53N13" failures="0" tests="3" name="com.aandhi.Testcase1" time="65.828" errors="0" timestamp="2022-12-13T17:47:21 IST" skipped="0">
  <testcase classname="com.aandhi.Testcase1" name="login" time="21.872"/>
  <system-out/>
  <testcase classname="com.aandhi.Testcase1" name="login" time="20.443"/>
  <system-out/>
  <testcase classname="com.aandhi.Testcase1" name="login" time="23.513"/>
  <system-out/>
</testsuite> <!-- com.aandhi.Testcase1 -->
