<?xml version="1.0" encoding="UTF-8"?>
<!-- Generated by org.testng.reporters.JUnitReportReporter -->
<testsuite hostname="2G53N13" failures="0" tests="4" name="com.aandhi.restAssured.RestTestcase2" time="0.025" errors="0" timestamp="2022-12-14T15:17:30 IST" skipped="0">
  <testcase classname="com.aandhi.restAssured.RestTestcase2" name="checkStatusLine" time="0.002"/>
  <system-out/>
  <testcase classname="com.aandhi.restAssured.RestTestcase2" name="checkResponseBody" time="0.011"/>
  <system-out/>
  <testcase classname="com.aandhi.restAssured.RestTestcase2" name="checkContentEncoding" time="0.011"/>
  <system-out/>
  <testcase classname="com.aandhi.restAssured.RestTestcase2" name="checkStatusCode" time="0.001"/>
  <system-out/>
</testsuite> <!-- com.aandhi.restAssured.RestTestcase2 -->
