<?xml version="1.0" encoding="UTF-8"?>
<!-- Generated by org.testng.reporters.JUnitReportReporter -->
<testsuite hostname="2G53N13" failures="0" tests="2" name="regression.TestCase1" time="0.003" errors="0" timestamp="2022-12-07T15:24:51 IST" skipped="0">
  <testcase classname="regression.TestCase1" name="doLogin" time="0.001"/>
  <system-out/>
  <testcase classname="regression.TestCase1" name="doUserReg" time="0.002"/>
  <system-out/>
</testsuite> <!-- regression.TestCase1 -->
