<?xml version="1.0" encoding="UTF-8"?>
<!-- Generated by org.testng.reporters.JUnitReportReporter -->
<testsuite hostname="2G53N13" failures="0" tests="1" name="testcases.TestSkip" time="0.013" errors="0" timestamp="2022-12-06T14:59:31 IST" skipped="1">
  <testcase classname="testcases.TestSkip" name="isSkip" time="0.013">
    <skipped/>
  </testcase> <!-- isSkip -->
  <system-out/>
</testsuite> <!-- testcases.TestSkip -->
