<?xml version="1.0" encoding="UTF-8"?>
<!-- Generated by org.testng.reporters.JUnitReportReporter -->
<testsuite hostname="2G53N13" failures="0" tests="2" name="parallelTest.TestParallelDP" time="4.064" errors="0" timestamp="2022-12-06T15:01:03 IST" skipped="0">
  <testcase classname="parallelTest.TestParallelDP" name="doLogin" time="2.032"/>
  <system-out/>
  <testcase classname="parallelTest.TestParallelDP" name="doLogin" time="2.032"/>
  <system-out/>
</testsuite> <!-- parallelTest.TestParallelDP -->
