<?xml version="1.0" encoding="UTF-8"?>
<!-- Generated by org.testng.reporters.JUnitReportReporter -->
<testsuite hostname="2G53N13" failures="0" tests="2" name="testcases.TestCase1" time="0.005" errors="0" timestamp="2022-12-07T15:24:51 IST" skipped="0">
  <testcase classname="testcases.TestCase1" name="doUserReg" time="0.004"/>
  <system-out/>
  <testcase classname="testcases.TestCase1" name="doLogin" time="0.001"/>
  <system-out/>
</testsuite> <!-- testcases.TestCase1 -->
