<?xml version="1.0" encoding="UTF-8"?>
<!-- Generated by org.testng.reporters.JUnitReportReporter -->
<testsuite hostname="2G53N13" failures="0" tests="2" name="parameterization.TestParametersFromXML" time="0.008" errors="0" timestamp="2022-10-07T11:23:21 IST" skipped="0">
  <testcase classname="parameterization.TestParametersFromXML" name="getBrowser" time="0.008"/>
  <system-out/>
  <testcase classname="parameterization.TestParametersFromXML" name="getBrowser" time="0.000"/>
  <system-out/>
</testsuite> <!-- parameterization.TestParametersFromXML -->
