<?xml version="1.0" encoding="UTF-8"?>
<!-- Generated by org.testng.reporters.JUnitReportReporter -->
<testsuite hostname="2G53N13" failures="0" tests="2" name="parameterization.TestParameterization" time="0.011" errors="0" timestamp="2022-10-07T11:47:49 IST" skipped="0">
  <testcase classname="parameterization.TestParameterization" name="testData" time="0.002"/>
  <system-out/>
  <testcase classname="parameterization.TestParameterization" name="testData" time="0.009"/>
  <system-out/>
</testsuite> <!-- parameterization.TestParameterization -->
